2026-01-20 09:52:25 WARNING Retrying transaction
2026-01-20 09:52:30 INFO Transaction completed successfully
2026-01-20 09:53:05 INFO Cache hit ratio: 91%
2026-01-20 09:53:10 INFO Cache performance optimal
2026-01-20 09:53:35 INFO API request received: GET /api/charts
2026-01-20 09:53:40 INFO Generating chart data
2026-01-20 09:53:45 INFO Response sent: 200 OK
2026-01-20 09:54:10 WARNING Backup storage approaching capacity: 88%
2026-01-20 09:54:15 INFO Removing backups older than 90 days
2026-01-20 09:54:30 INFO Storage freed: 15GB
2026-01-20 09:54:35 INFO Backup storage now at: 75%
2026-01-20 09:55:05 INFO Scheduled job executed: index_optimization
2026-01-20 09:55:10 INFO Rebuilding database indexes
2026-01-20 09:55:40 INFO Index optimization completed
2026-01-20 09:56:10 INFO User logout: support_agent
2026-01-20 09:56:12 INFO Session terminated
2026-01-20 09:56:45 INFO API request received: POST /api/subscriptions
2026-01-20 09:56:50 INFO Subscription created successfully
2026-01-20 09:56:55 INFO Response sent: 201 Created
2026-01-20 09:57:20 ERROR Failed to load plugin: analytics_module
2026-01-20 09:57:23 ERROR Plugin dependency missing
2026-01-20 09:57:25 WARNING Application continues without plugin
2026-01-20 09:58:05 INFO Health check passed
2026-01-20 09:58:10 INFO Response time average: 125ms
2026-01-20 09:58:45 INFO API request received: DELETE /api/sessions/expired
2026-01-20 09:58:50 INFO Cleaning expired sessions
2026-01-20 09:58:55 INFO Response sent: 200 OK
2026-01-20 09:59:20 INFO Database query executed in 234ms
2026-01-20 09:59:30 INFO API request received: GET /api/recommendations
2026-01-20 09:59:35 INFO Generating recommendations
2026-01-20 09:59:50 INFO Recommendations generated
2026-01-20 09:59:55 INFO Response sent: 200 OK
2026-01-20 10:00:05 INFO Scheduled job executed: hourly_report
2026-01-20 10:00:10 INFO Compiling hourly statistics
2026-01-20 10:00:20 INFO Hourly report generated
2026-01-20 10:00:25 INFO Report sent to subscribers
2026-01-20 10:00:45 INFO User login attempt from IP 172.18.0.99
2026-01-20 10:00:48 INFO User authentication successful
2026-01-20 10:00:52 INFO Session created for user: qa_tester
2026-01-20 10:01:15 INFO API request received: POST /api/tests
2026-01-20 10:01:20 INFO Test case created successfully
2026-01-20 10:01:25 INFO Response sent: 201 Created
2026-01-20 10:01:50 WARNING CPU temperature high: 78°C
2026-01-20 10:01:55 INFO Increasing cooling fan speed
2026-01-20 10:02:10 INFO CPU temperature normalized: 62°C
2026-01-20 10:02:35 INFO Database query executed in 98ms
2026-01-20 10:02:50 INFO API request received: GET /api/metrics/performance
2026-01-20 10:02:55 INFO Collecting performance metrics
2026-01-20 10:03:05 INFO Response sent: 200 OK
2026-01-20 10:03:30 ERROR Connection lost to message queue
2026-01-20 10:03:33 ERROR RabbitMQ not responding
2026-01-20 10:03:35 WARNING Queuing messages locally
2026-01-20 10:03:50 INFO Message queue connection restored
2026-01-20 10:03:55 INFO Flushing local queue
2026-01-20 10:04:20 INFO User logout: analyst_user
2026-01-20 10:04:22 INFO Session terminated
2026-01-20 10:04:45 INFO Scheduled job executed: token_refresh
2026-01-20 10:04:50 INFO Refreshing authentication tokens
2026-01-20 10:04:55 INFO Tokens refreshed for 34 users
2026-01-20 10:05:00 INFO Token refresh completed
2026-01-20 10:05:30 INFO API request received: PUT /api/permissions
2026-01-20 10:05:35 INFO Permissions updated successfully
2026-01-20 10:05:40 INFO Response sent: 200 OK
2026-01-20 10:06:10 WARNING Slow database query: 3.2s
2026-01-20 10:06:15 WARNING Query: SELECT * FROM orders WHERE date > '2024-01-01'
2026-01-20 10:06:20 INFO Query optimization recommended
2026-01-20 10:06:45 INFO Health check passed
2026-01-20 10:06:50 INFO System load average: 1.5
2026-01-20 10:07:15 INFO User login attempt from IP 10.10.10.150
2026-01-20 10:07:18 INFO User authentication successful
2026-01-20 10:07:22 INFO Session created for user: content_writer
2026-01-20 10:07:50 INFO API request received: POST /api/articles
2026-01-20 10:07:55 INFO Article created successfully
2026-01-20 10:08:00 INFO Response sent: 201 Created
2026-01-20 10:08:25 ERROR Image processing failed
2026-01-20 10:08:28 ERROR Invalid image format: file.xyz
2026-01-20 10:08:30 INFO Response sent: 400 Bad Request
2026-01-20 10:09:05 INFO Database query executed in 145ms
2026-01-20 10:09:20 INFO API request received: GET /api/categories
2026-01-20 10:09:25 INFO Fetching category list
2026-01-20 10:09:30 INFO Response sent: 200 OK
2026-01-20 10:10:05 INFO Scheduled job executed: sitemap_generation
2026-01-20 10:10:10 INFO Generating XML sitemap
2026-01-20 10:10:30 INFO Sitemap generated successfully
2026-01-20 10:10:35 INFO Sitemap updated at /public/sitemap.xml
2026-01-20 10:11:10 WARNING API rate limit approaching for user: qa_tester
2026-01-20 10:11:15 INFO Current usage: 480/500 requests
2026-01-20 10:11:45 INFO User logout: qa_tester
2026-01-20 10:11:48 INFO Session terminated
2026-01-20 10:12:20 INFO API request received: PATCH /api/notifications/settings
2026-01-20 10:12:25 INFO Notification settings updated
2026-01-20 10:12:30 INFO Response sent: 200 OK
2026-01-20 10:13:05 ERROR Failed to connect to SMTP server
2026-01-20 10:13:08 ERROR Email delivery failed
2026-01-20 10:13:10 WARNING Email queued for retry
2026-01-20 10:13:35 INFO Health check passed
2026-01-20 10:13:40 INFO Database connections: 52/200
2026-01-20 10:14:10 INFO User login attempt from IP 192.168.4.88
2026-01-20 10:14:13 INFO User authentication successful
2026-01-20 10:14:16 INFO Session created for user: marketing_lead
2026-01-20 10:14:45 INFO API request received: GET /api/campaigns
2026-01-20 10:14:50 INFO Fetching marketing campaigns
2026-01-20 10:14:55 INFO Response sent: 200 OK
2026-01-20 10:15:20 INFO Scheduled job executed: cache_invalidation
2026-01-20 10:15:25 INFO Invalidating stale cache entries
2026-01-20 10:15:35 INFO Cache invalidation completed
2026-01-20 10:16:05 INFO Database query executed in 78ms
2026-01-20 10:16:20 INFO API request received: POST /api/webhooks
2026-01-20 10:16:25 INFO Webhook registered successfully
2026-01-20 10:16:30 INFO Response sent: 201 Created
2026-01-20 10:17:10 WARNING Disk I/O latency high: 250ms
2026-01-20 10:17:15 INFO Running disk diagnostics
2026-01-20 10:17:30 INFO Disk I/O latency normalized: 25ms
2026-01-20 10:18:05 INFO User logout: content_writer
2026-01-20 10:18:08 INFO Session terminated
2026-01-20 10:18:35 INFO API request received: DELETE /api/drafts/567
2026-01-20 10:18:40 INFO Draft deleted successfully
2026-01-20 10:18:45 INFO Response sent: 200 OK
2026-01-20 10:19:10 ERROR Authentication token expired
2026-01-20 10:19:13 INFO Response sent: 401 Unauthorized
2026-01-20 10:19:15 INFO Token refresh required
2026-01-20 10:19:45 INFO Health check passed
2026-01-20 10:19:50 INFO Memory usage: 71%
2026-01-20 10:20:20 INFO Scheduled job executed: user_activity_report
2026-01-20 10:20:25 INFO Analyzing user activity
2026-01-20 10:20:45 INFO Activity report generated
2026-01-20 10:20:50 INFO Report saved to database
2026-01-20 10:21:15 INFO User login attempt from IP 172.25.0.45
2026-01-20 10:21:18 INFO User authentication successful
2026-01-20 10:21:22 INFO Session created for user: hr_manager
2026-01-20 10:21:50 INFO API request received: GET /api/employees
2026-01-20 10:21:55 INFO Fetching employee data
2026-01-20 10:22:00 INFO Response sent: 200 OK
2026-01-20 10:22:30 WARNING Third-party API deprecated endpoint used
2026-01-20 10:22:35 WARNING Migration required before March 2025
2026-01-20 10:23:05 INFO Database query executed in 189ms
2026-01-20 10:23:20 INFO API request received: PUT /api/attendance
2026-01-20 10:23:25 INFO Attendance marked successfully
2026-01-20 10:23:30 INFO Response sent: 200 OK
2026-01-20 10:24:05 INFO Scheduled job executed: database_health_check
2026-01-20 10:24:10 INFO Checking database integrity
2026-01-20 10:24:25 INFO Database health: excellent
2026-01-20 10:24:30 INFO Health check completed
2026-01-20 10:25:10 INFO User logout: marketing_lead
2026-01-20 10:25:12 INFO Session terminated
2026-01-20 10:25:45 INFO API request received: POST /api/invoices
2026-01-20 10:25:50 INFO Invoice created successfully
2026-01-20 10:25:55 INFO Response sent: 201 Created
2026-01-20 10:26:20 ERROR Failed to generate PDF document
2026-01-20 10:26:23 ERROR LaTeX compilation error
2026-01-20 10:26:25 WARNING Falling back to HTML export
2026-01-20 10:26:35 INFO HTML document generated
2026-01-20 10:27:05 INFO Health check passed
2026-01-20 10:27:10 INFO Uptime: 87 minutes
2026-01-20 10:27:45 INFO API request received: GET /api/transactions
2026-01-20 10:27:50 INFO Fetching transaction history
2026-01-20 10:27:55 INFO Response sent: 200 OK
2026-01-20 10:28:20 INFO Database query executed in 267ms
2026-01-20 10:28:35 INFO API request received: PATCH /api/preferences
2026-01-20 10:28:40 INFO User preferences updated
2026-01-20 10:28:45 INFO Response sent: 200 OK
2026-01-20 10:29:10 WARNING SSL handshake failed with client
2026-01-20 10:29:13 ERROR Incompatible cipher suites
2026-01-20 10:29:15 INFO Connection terminated
2026-01-20 10:30:05 INFO Scheduled job executed: statistics_aggregation
2026-01-20 10:30:10 INFO Aggregating daily statistics
2026-01-20 10:30:30 INFO Statistics aggregation completed
2026-01-20 10:31:10 INFO User login attempt from IP 10.20.30.40
2026-01-20 10:31:13 INFO User authentication successful
2026-01-20 10:31:16 INFO Session created for user: operations_head
2026-01-20 10:31:45 INFO API request received: GET /api/inventory/status
2026-01-20 10:31:50 INFO Checking inventory status
2026-01-20 10:31:55 INFO Response sent: 200 OK
2026-01-20 10:32:20 INFO User logout: hr_manager
2026-01-20 10:32:22 INFO Session terminated
2026-01-20 10:32:50 INFO API request received: POST /api/shipments
2026-01-20 10:32:55 INFO Shipment created successfully
2026-01-20 10:33:00 INFO Response sent: 201 Created
2026-01-20 10:33:30 ERROR Connection refused by payment processor
2026-01-20 10:33:33 ERROR Payment gateway maintenance mode
2026-01-20 10:33:35 WARNING Transaction queued for later
2026-01-20 10:34:05 INFO Health check passed
2026-01-20 10:34:10 INFO CPU usage: 38%
2026-01-20 10:34:45 INFO Database query executed in 112ms
2026-01-20 10:35:10 INFO Scheduled job executed: backup_verification
2026-01-20 10:35:15 INFO Verifying backup integrity
2026-01-20 10:35:35 INFO All backups verified successfully
2026-01-20 10:36:05 INFO API request received: GET /api/warehouse/locations
2026-01-20 10:36:10 INFO Fetching warehouse data
2026-01-20 10:36:15 INFO Response sent: 200 OK
2026-01-20 10:36:45 WARNING Unusual traffic pattern detected
2026-01-20 10:36:50 INFO Running security analysis
2026-01-20 10:37:05 INFO Traffic pattern normal - false alarm
2026-01-20 10:37:35 INFO User logout: operations_head
2026-01-20 10:37:38 INFO Session terminated
2026-01-20 10:38:10 INFO API request received: DELETE /api/temp/files
2026-01-20 10:38:15 INFO Temporary files cleaned
2026-01-20 10:38:20 INFO Response sent: 200 OK
2026-01-20 10:38:50 INFO Database query executed in 201ms
2026-01-20 10:39:20 INFO Health check passed
2026-01-20 10:39:25 INFO All services responding normally
2026-01-20 10:40:05 INFO Scheduled job executed: certificate_check
2026-01-20 10:40:10 INFO Checking SSL certificates
2026-01-20 10:40:15 INFO All certificates valid
2026-01-20 10:40:20 INFO Certificate check completed
2026-01-20 10:40:50 INFO Application running smoothly
2026-01-20 10:41:00 INFO Total requests processed today: 1,247
2026-01-20 10:41:30 INFO API request received: PATCH /api/user/profile
2026-01-20 10:41:35 INFO User profile updated successfully