2026-01-20 09:00:01 INFO Application started successfully
2026-01-20 09:00:05 INFO Connecting to database
2026-01-20 09:00:07 INFO Database connection established
2026-01-20 09:00:12 INFO Loading configuration files
2026-01-20 09:00:15 INFO Configuration loaded successfully
2026-01-20 09:00:18 INFO Initializing cache layer
2026-01-20 09:00:20 INFO Cache layer initialized
2026-01-20 09:00:25 INFO Starting web server on port 8080
2026-01-20 09:00:28 INFO Web server started successfully
2026-01-20 09:00:35 INFO Health check endpoint active
2026-01-20 09:01:02 INFO User login attempt from IP 192.168.1.45
2026-01-20 09:01:05 INFO User authentication successful
2026-01-20 09:01:12 INFO Session created for user: john_doe
2026-01-20 09:01:18 INFO API request received: GET /api/users
2026-01-20 09:01:20 INFO API request processed successfully
2026-01-20 09:01:25 INFO Response sent: 200 OK
2026-01-20 09:02:10 INFO Scheduled backup job started
2026-01-20 09:02:15 INFO Backing up database tables
2026-01-20 09:02:30 INFO Database backup completed
2026-01-20 09:02:35 INFO Backup stored at /backups/2026-01-20.sql
2026-01-20 09:03:10 WARNING High memory usage detected: 82%
2026-01-20 09:03:12 WARNING Triggering garbage collection
2026-01-20 09:03:15 INFO Memory usage back to normal: 65%
2026-01-20 09:03:20 INFO API request received: POST /api/orders
2026-01-20 09:03:22 INFO Order created successfully: ORDER-12345
2026-01-20 09:03:25 INFO Sending confirmation email
2026-01-20 09:03:28 INFO Email sent successfully
2026-01-20 09:04:05 INFO User login attempt from IP 10.0.0.123
2026-01-20 09:04:08 INFO User authentication successful
2026-01-20 09:04:12 INFO Session created for user: jane_smith
2026-01-20 09:04:22 INFO Scheduled job executed: data_sync
2026-01-20 09:04:30 INFO Data synchronization completed
2026-01-20 09:05:12 WARNING Disk usage above 70%: 73%
2026-01-20 09:05:15 WARNING Triggering automatic cleanup
2026-01-20 09:05:30 INFO Disk cleanup initiated
2026-01-20 09:05:45 INFO Removing old log files
2026-01-20 09:06:00 INFO Clearing temporary files
2026-01-20 09:06:10 INFO Disk cleanup completed
2026-01-20 09:06:12 INFO Disk usage now at: 62%
2026-01-20 09:06:20 INFO API request received: GET /api/products
2026-01-20 09:06:25 INFO Query executed successfully
2026-01-20 09:06:28 INFO Response sent: 200 OK
2026-01-20 09:07:15 INFO User logout: john_doe
2026-01-20 09:07:18 INFO Session terminated successfully
2026-01-20 09:07:45 ERROR Failed to fetch user data
2026-01-20 09:07:47 ERROR Connection refused by database
2026-01-20 09:07:50 ERROR Database timeout occurred
2026-01-20 09:07:52 WARNING Attempting automatic recovery
2026-01-20 09:08:10 INFO Retrying database connection
2026-01-20 09:08:15 INFO Database connection successful
2026-01-20 09:08:20 INFO Reconnection completed
2026-01-20 09:08:25 INFO API request received: GET /api/dashboard
2026-01-20 09:08:30 INFO API request processed
2026-01-20 09:08:35 INFO Response sent: 200 OK
2026-01-20 09:09:10 INFO Scheduled job started: report_generation
2026-01-20 09:09:15 INFO Generating daily reports
2026-01-20 09:09:30 INFO Reports generated successfully
2026-01-20 09:09:35 INFO Reports saved to /reports/daily/
2026-01-20 09:10:05 INFO User login attempt from IP 172.16.0.88
2026-01-20 09:10:08 INFO User authentication successful
2026-01-20 09:10:12 INFO Session created for user: admin_user
2026-01-20 09:10:45 INFO User logout successful: jane_smith
2026-01-20 09:10:48 INFO Session terminated
2026-01-20 09:11:12 INFO Cache refreshed
2026-01-20 09:11:15 INFO Cache size: 256MB
2026-01-20 09:11:20 INFO Cache hit ratio: 87%
2026-01-20 09:12:05 WARNING High CPU usage detected: 91%
2026-01-20 09:12:08 WARNING Process ID 1234 consuming high CPU
2026-01-20 09:12:15 INFO Optimizing query execution
2026-01-20 09:12:25 INFO CPU usage normalized: 45%
2026-01-20 09:12:30 INFO API request received: PUT /api/users/123
2026-01-20 09:12:35 INFO User profile updated successfully
2026-01-20 09:12:40 INFO Response sent: 200 OK
2026-01-20 09:13:10 INFO Database query executed in 45ms
2026-01-20 09:13:15 INFO API request received: DELETE /api/orders/456
2026-01-20 09:13:18 WARNING Attempting to delete protected resource
2026-01-20 09:13:20 ERROR Permission denied for operation
2026-01-20 09:13:25 INFO Response sent: 403 Forbidden
2026-01-20 09:14:05 INFO Scheduled job executed: cache_warming
2026-01-20 09:14:10 INFO Preloading frequently accessed data
2026-01-20 09:14:30 INFO Cache warming completed
2026-01-20 09:15:12 INFO User login attempt from IP 192.168.1.99
2026-01-20 09:15:15 INFO User authentication successful
2026-01-20 09:15:18 INFO Session created for user: test_user
2026-01-20 09:15:45 INFO API request received: GET /api/analytics
2026-01-20 09:15:50 INFO Processing analytics request
2026-01-20 09:15:55 INFO Analytics data retrieved
2026-01-20 09:16:00 INFO Response sent: 200 OK
2026-01-20 09:16:30 WARNING Slow query detected: 2.5s
2026-01-20 09:16:35 WARNING Query: SELECT * FROM large_table
2026-01-20 09:16:40 INFO Adding query to optimization queue
2026-01-20 09:17:10 INFO Health check passed
2026-01-20 09:17:15 INFO All services operational
2026-01-20 09:17:45 INFO API request received: POST /api/comments
2026-01-20 09:17:50 INFO Comment created successfully
2026-01-20 09:17:55 INFO Response sent: 201 Created
2026-01-20 09:18:20 ERROR Failed to connect to external API
2026-01-20 09:18:22 ERROR Timeout after 30 seconds
2026-01-20 09:18:25 WARNING Retrying with exponential backoff
2026-01-20 09:18:35 INFO External API connection successful
2026-01-20 09:18:40 INFO Data retrieved from external source
2026-01-20 09:19:05 INFO Scheduled job executed: log_rotation
2026-01-20 09:19:10 INFO Rotating application logs
2026-01-20 09:19:15 INFO Old logs archived
2026-01-20 09:19:20 INFO Log rotation completed
2026-01-20 09:20:10 INFO User logout: admin_user
2026-01-20 09:20:12 INFO Session terminated
2026-01-20 09:20:45 INFO API request received: GET /api/notifications
2026-01-20 09:20:50 INFO Fetching user notifications
2026-01-20 09:20:55 INFO Response sent: 200 OK
2026-01-20 09:21:20 WARNING Connection pool near capacity: 95%
2026-01-20 09:21:25 INFO Increasing connection pool size
2026-01-20 09:21:30 INFO Connection pool expanded to 200
2026-01-20 09:22:05 INFO Database query executed in 120ms
2026-01-20 09:22:15 INFO API request received: PATCH /api/settings
2026-01-20 09:22:20 INFO Settings updated successfully
2026-01-20 09:22:25 INFO Response sent: 200 OK
2026-01-20 09:23:10 ERROR File not found: config/optional.json
2026-01-20 09:23:12 WARNING Using default configuration
2026-01-20 09:23:15 INFO Application continues with defaults
2026-01-20 09:23:45 INFO User login attempt from IP 10.1.1.55
2026-01-20 09:23:48 ERROR Invalid credentials provided
2026-01-20 09:23:50 WARNING Login attempt failed for: unknown_user
2026-01-20 09:23:55 INFO Response sent: 401 Unauthorized
2026-01-20 09:24:20 INFO Scheduled job executed: metrics_collection
2026-01-20 09:24:25 INFO Collecting system metrics
2026-01-20 09:24:30 INFO Metrics sent to monitoring service
2026-01-20 09:24:35 INFO Metrics collection completed
2026-01-20 09:25:10 INFO API request received: GET /api/search
2026-01-20 09:25:15 INFO Search query: "laptop"
2026-01-20 09:25:20 INFO Search completed: 45 results
2026-01-20 09:25:25 INFO Response sent: 200 OK
2026-01-20 09:26:05 WARNING Low disk space on /dev/sda1: 15GB
2026-01-20 09:26:10 INFO Sending alert to administrators
2026-01-20 09:26:15 INFO Alert sent successfully
2026-01-20 09:26:45 INFO User logout: test_user
2026-01-20 09:26:48 INFO Session terminated
2026-01-20 09:27:20 INFO Database connection pool health check
2026-01-20 09:27:25 INFO Active connections: 45/200
2026-01-20 09:27:30 INFO Connection pool healthy
2026-01-20 09:28:05 INFO API request received: POST /api/upload
2026-01-20 09:28:10 INFO File upload started: document.pdf
2026-01-20 09:28:25 INFO File validation successful
2026-01-20 09:28:40 INFO File uploaded successfully
2026-01-20 09:28:45 INFO Response sent: 201 Created
2026-01-20 09:29:10 ERROR Redis connection failed
2026-01-20 09:29:12 ERROR Unable to reach cache server
2026-01-20 09:29:15 WARNING Falling back to in-memory cache
2026-01-20 09:29:20 INFO Application continues without Redis
2026-01-20 09:30:05 INFO Scheduled job executed: email_queue_processor
2026-01-20 09:30:10 INFO Processing email queue
2026-01-20 09:30:15 INFO Sent 23 emails
2026-01-20 09:30:20 INFO Email queue processing completed
2026-01-20 09:30:45 INFO User login attempt from IP 192.168.2.101
2026-01-20 09:30:48 INFO User authentication successful
2026-01-20 09:30:52 INFO Session created for user: developer_1
2026-01-20 09:31:20 INFO API request received: GET /api/logs
2026-01-20 09:31:25 INFO Fetching application logs
2026-01-20 09:31:30 INFO Response sent: 200 OK
2026-01-20 09:32:10 WARNING Memory leak detected in module: image_processor
2026-01-20 09:32:15 ERROR Memory usage increasing: 88%
2026-01-20 09:32:20 INFO Restarting image_processor module
2026-01-20 09:32:30 INFO Module restarted successfully
2026-01-20 09:32:35 INFO Memory usage: 67%
2026-01-20 09:33:05 INFO Database query executed in 89ms
2026-01-20 09:33:15 INFO API request received: GET /api/statistics
2026-01-20 09:33:20 INFO Calculating statistics
2026-01-20 09:33:35 INFO Statistics calculated successfully
2026-01-20 09:33:40 INFO Response sent: 200 OK
2026-01-20 09:34:10 INFO Scheduled job executed: database_optimization
2026-01-20 09:34:15 INFO Running VACUUM on database
2026-01-20 09:34:45 INFO Database optimization completed
2026-01-20 09:35:20 INFO User login attempt from IP 172.20.1.45
2026-01-20 09:35:23 INFO User authentication successful
2026-01-20 09:35:26 INFO Session created for user: manager_2
2026-01-20 09:35:45 INFO API request received: POST /api/reviews
2026-01-20 09:35:50 INFO Review submitted successfully
2026-01-20 09:35:55 INFO Response sent: 201 Created
2026-01-20 09:36:20 ERROR SSL certificate expires in 7 days
2026-01-20 09:36:25 WARNING Certificate renewal required
2026-01-20 09:36:30 INFO Notification sent to security team
2026-01-20 09:37:05 INFO Health check passed
2026-01-20 09:37:10 INFO System uptime: 37 minutes
2026-01-20 09:37:45 INFO API request received: DELETE /api/cache
2026-01-20 09:37:50 INFO Cache cleared successfully
2026-01-20 09:37:55 INFO Response sent: 200 OK
2026-01-20 09:38:20 WARNING Rate limit exceeded for IP 203.0.113.42
2026-01-20 09:38:25 INFO Request blocked: too many requests
2026-01-20 09:38:30 INFO Response sent: 429 Too Many Requests
2026-01-20 09:39:05 INFO Scheduled job executed: session_cleanup
2026-01-20 09:39:10 INFO Removing expired sessions
2026-01-20 09:39:15 INFO Cleaned up 12 sessions
2026-01-20 09:39:20 INFO Session cleanup completed
2026-01-20 09:40:10 INFO User logout: developer_1
2026-01-20 09:40:12 INFO Session terminated
2026-01-20 09:40:45 INFO API request received: GET /api/exports
2026-01-20 09:40:50 INFO Generating export file
2026-01-20 09:41:10 INFO Export completed: data.csv
2026-01-20 09:41:15 INFO Response sent: 200 OK
2026-01-20 09:41:45 ERROR Network timeout connecting to payment gateway
2026-01-20 09:41:48 ERROR Transaction failed: TRANS-78901
2026-01-20 09:41:50 WARNING Initiating rollback
2026-01-20 09:41:55 INFO Rollback completed successfully
2026-01-20 09:42:20 INFO Database query executed in 156ms
2026-01-20 09:42:30 INFO API request received: PUT /api/inventory/789
2026-01-20 09:42:35 INFO Inventory updated successfully
2026-01-20 09:42:40 INFO Response sent: 200 OK
2026-01-20 09:43:10 WARNING Thread pool queue size: 85%
2026-01-20 09:43:15 INFO Increasing thread pool capacity
2026-01-20 09:43:20 INFO Thread pool expanded to 150
2026-01-20 09:43:45 INFO User login attempt from IP 10.5.5.100
2026-01-20 09:43:48 INFO User authentication successful
2026-01-20 09:43:52 INFO Session created for user: support_agent
2026-01-20 09:44:20 INFO Scheduled job executed: data_archival
2026-01-20 09:44:25 INFO Archiving old records
2026-01-20 09:44:50 INFO Archived 1,234 records
2026-01-20 09:44:55 INFO Data archival completed
2026-01-20 09:45:10 INFO API request received: GET /api/tickets
2026-01-20 09:45:15 INFO Fetching support tickets
2026-01-20 09:45:20 INFO Response sent: 200 OK
2026-01-20 09:45:45 ERROR Failed to send webhook notification
2026-01-20 09:45:48 ERROR Remote endpoint not responding
2026-01-20 09:45:50 WARNING Adding to retry queue
2026-01-20 09:46:20 INFO Health check passed
2026-01-20 09:46:25 INFO All dependencies available
2026-01-20 09:47:05 INFO User logout: manager_2
2026-01-20 09:47:08 INFO Session terminated
2026-01-20 09:47:35 INFO API request received: POST /api/feedback
2026-01-20 09:47:40 INFO Feedback submitted successfully
2026-01-20 09:47:45 INFO Response sent: 201 Created
2026-01-20 09:48:10 WARNING High network latency detected: 450ms
2026-01-20 09:48:15 INFO Running network diagnostics
2026-01-20 09:48:30 INFO Network latency normalized: 45ms
2026-01-20 09:49:05 INFO Database query executed in 67ms
2026-01-20 09:49:15 INFO API request received: GET /api/reports/monthly
2026-01-20 09:49:20 INFO Generating monthly report
2026-01-20 09:49:45 INFO Report generated successfully
2026-01-20 09:49:50 INFO Response sent: 200 OK
2026-01-20 09:50:20 INFO Scheduled job executed: security_scan
2026-01-20 09:50:25 INFO Running security vulnerability scan
2026-01-20 09:50:50 INFO No vulnerabilities detected
2026-01-20 09:50:55 INFO Security scan completed
2026-01-20 09:51:10 INFO User login attempt from IP 192.168.3.77
2026-01-20 09:51:13 INFO User authentication successful
2026-01-20 09:51:16 INFO Session created for user: analyst_user
2026-01-20 09:51:45 INFO API request received: PATCH /api/profiles/234
2026-01-20 09:51:50 INFO Profile updated successfully
2026-01-20 09:51:55 INFO Response sent: 200 OK
2026-01-20 09:52:20 ERROR Database deadlock detected
2026-01-20 09:52:23 ERROR Transaction rolled back
